Info: CustomCategory:introduccion: 11 mini seconds publishing element
Info: Artifact:introduccion: 3 mini seconds publishing element
Info: CustomCategory:roles: 5 mini seconds publishing element
Info: Role:tester_qa: 30 mini seconds publishing element
Info: Role:gerente_del_proyecto: 24 mini seconds publishing element
Info: Role:arquitecto: 26 mini seconds publishing element
Info: Task:llenar_formulario_de_experiencia: 10 mini seconds publishing element
Info: Task:testear_objeto_ejecutable_personalizado_y_parametrizado: 9 mini seconds publishing element
Info: Task:analizar_la_grafica_con_los_resultados_de_los_formularios: 11 mini seconds publishing element
Info: Task:realizar_documento_con_mejoras_y_cambios: 9 mini seconds publishing element
Info: Artifact:grafica_de_formulario: 16 mini seconds publishing element
Info: Task:asignar_las_funciones: 5 mini seconds publishing element
Info: Task:investigar_el_equipo: 7 mini seconds publishing element
Info: Artifact:brief_del_proyecto: 13 mini seconds publishing element
Info: Task:investigar_sobre_el_proyecto: 5 mini seconds publishing element
Info: Task:realizar_documentacion: 10 mini seconds publishing element
Info: Artifact:documento_del_proyecto: 9 mini seconds publishing element
Info: Role:gerente_del_proyecto: 36 mini seconds publishing element
Info: Artifact:informe_de_proyecto: 6 mini seconds publishing element
Info: Task:revisar_funciones_y_equipo: 14 mini seconds publishing element
Info: Role:arquitecto: 45 mini seconds publishing element
Info: Task:revisar_el_plan_de_proyectos: 4 mini seconds publishing element
Info: Role:gerente_del_proyecto: 47 mini seconds publishing element
Info: Role:arquitecto: 19 mini seconds publishing element
Info: Artifact:acta_de_inicio: 0 mini seconds publishing element
Info: Task:realizar_cambios: 15 mini seconds publishing element
Info: Artifact:documento_revision_del_proyecto: 5 mini seconds publishing element
Info: Role:gerente_del_proyecto: 19 mini seconds publishing element
Info: Task:iniciar_el_proyecto: 0 mini seconds publishing element
Info: : Publishing time: 0 minutes 2 seconds
